{"C:\\Dev\\React\\Challenges\\task-manager\\cliente\\src\\components\\TaskForm.jsx": {"path":"C:\\Dev\\React\\Challenges\\task-manager\\cliente\\src\\components\\TaskForm.jsx","statementMap":{"0":{"start":{"line":3,"column":17},"end":{"line":46,"column":1}},"1":{"start":{"line":4,"column":30},"end":{"line":4,"column":42}},"2":{"start":{"line":5,"column":42},"end":{"line":5,"column":54}},"3":{"start":{"line":6,"column":30},"end":{"line":6,"column":42}},"4":{"start":{"line":8,"column":25},"end":{"line":20,"column":5}},"5":{"start":{"line":9,"column":8},"end":{"line":9,"column":31}},"6":{"start":{"line":11,"column":8},"end":{"line":14,"column":9}},"7":{"start":{"line":12,"column":12},"end":{"line":12,"column":56}},"8":{"start":{"line":13,"column":12},"end":{"line":13,"column":19}},"9":{"start":{"line":16,"column":8},"end":{"line":16,"column":42}},"10":{"start":{"line":17,"column":8},"end":{"line":17,"column":21}},"11":{"start":{"line":18,"column":8},"end":{"line":18,"column":27}},"12":{"start":{"line":19,"column":8},"end":{"line":19,"column":21}},"13":{"start":{"line":22,"column":4},"end":{"line":45,"column":6}},"14":{"start":{"line":30,"column":37},"end":{"line":30,"column":61}},"15":{"start":{"line":39,"column":37},"end":{"line":39,"column":67}}},"fnMap":{"0":{"name":"(anonymous_0)","decl":{"start":{"line":3,"column":17},"end":{"line":3,"column":18}},"loc":{"start":{"line":3,"column":36},"end":{"line":46,"column":1}},"line":3},"1":{"name":"(anonymous_1)","decl":{"start":{"line":8,"column":25},"end":{"line":8,"column":26}},"loc":{"start":{"line":8,"column":36},"end":{"line":20,"column":5}},"line":8},"2":{"name":"(anonymous_2)","decl":{"start":{"line":30,"column":30},"end":{"line":30,"column":31}},"loc":{"start":{"line":30,"column":37},"end":{"line":30,"column":61}},"line":30},"3":{"name":"(anonymous_3)","decl":{"start":{"line":39,"column":30},"end":{"line":39,"column":31}},"loc":{"start":{"line":39,"column":37},"end":{"line":39,"column":67}},"line":39}},"branchMap":{"0":{"loc":{"start":{"line":11,"column":8},"end":{"line":14,"column":9}},"type":"if","locations":[{"start":{"line":11,"column":8},"end":{"line":14,"column":9}},{"start":{},"end":{}}],"line":11},"1":{"loc":{"start":{"line":11,"column":12},"end":{"line":11,"column":34}},"type":"binary-expr","locations":[{"start":{"line":11,"column":12},"end":{"line":11,"column":18}},{"start":{"line":11,"column":22},"end":{"line":11,"column":34}}],"line":11},"2":{"loc":{"start":{"line":42,"column":13},"end":{"line":42,"column":36}},"type":"binary-expr","locations":[{"start":{"line":42,"column":13},"end":{"line":42,"column":18}},{"start":{"line":42,"column":22},"end":{"line":42,"column":36}}],"line":42}},"s":{"0":1,"1":5,"2":5,"3":5,"4":5,"5":1,"6":1,"7":0,"8":0,"9":1,"10":1,"11":1,"12":1,"13":5,"14":1,"15":1},"f":{"0":5,"1":1,"2":1,"3":1},"b":{"0":[0,1],"1":[1,1],"2":[5,0]},"_coverageSchema":"1a1c01bbd47fc00a2c39e90264f33305004495a9","hash":"91e98e2ba2e28a5213d66c9d12f2b637a3b0047e"}
,"C:\\Dev\\React\\Challenges\\task-manager\\servidor\\routes.js": {"path":"C:\\Dev\\React\\Challenges\\task-manager\\servidor\\routes.js","statementMap":{"0":{"start":{"line":1,"column":16},"end":{"line":1,"column":34}},"1":{"start":{"line":2,"column":15},"end":{"line":2,"column":31}},"2":{"start":{"line":4,"column":12},"end":{"line":7,"column":1}},"3":{"start":{"line":9,"column":0},"end":{"line":11,"column":3}},"4":{"start":{"line":10,"column":4},"end":{"line":10,"column":20}},"5":{"start":{"line":13,"column":0},"end":{"line":22,"column":3}},"6":{"start":{"line":14,"column":35},"end":{"line":14,"column":43}},"7":{"start":{"line":15,"column":4},"end":{"line":17,"column":5}},"8":{"start":{"line":16,"column":8},"end":{"line":16,"column":82}},"9":{"start":{"line":19,"column":20},"end":{"line":19,"column":64}},"10":{"start":{"line":20,"column":4},"end":{"line":20,"column":24}},"11":{"start":{"line":21,"column":4},"end":{"line":21,"column":34}},"12":{"start":{"line":24,"column":0},"end":{"line":28,"column":3}},"13":{"start":{"line":25,"column":19},"end":{"line":25,"column":29}},"14":{"start":{"line":26,"column":4},"end":{"line":26,"column":59}},"15":{"start":{"line":26,"column":33},"end":{"line":26,"column":57}},"16":{"start":{"line":27,"column":4},"end":{"line":27,"column":27}},"17":{"start":{"line":30,"column":0},"end":{"line":30,"column":24}}},"fnMap":{"0":{"name":"(anonymous_0)","decl":{"start":{"line":9,"column":21},"end":{"line":9,"column":22}},"loc":{"start":{"line":9,"column":35},"end":{"line":11,"column":1}},"line":9},"1":{"name":"(anonymous_1)","decl":{"start":{"line":13,"column":22},"end":{"line":13,"column":23}},"loc":{"start":{"line":13,"column":36},"end":{"line":22,"column":1}},"line":13},"2":{"name":"(anonymous_2)","decl":{"start":{"line":24,"column":28},"end":{"line":24,"column":29}},"loc":{"start":{"line":24,"column":42},"end":{"line":28,"column":1}},"line":24},"3":{"name":"(anonymous_3)","decl":{"start":{"line":26,"column":25},"end":{"line":26,"column":26}},"loc":{"start":{"line":26,"column":33},"end":{"line":26,"column":57}},"line":26}},"branchMap":{"0":{"loc":{"start":{"line":15,"column":4},"end":{"line":17,"column":5}},"type":"if","locations":[{"start":{"line":15,"column":4},"end":{"line":17,"column":5}},{"start":{},"end":{}}],"line":15},"1":{"loc":{"start":{"line":15,"column":8},"end":{"line":15,"column":30}},"type":"binary-expr","locations":[{"start":{"line":15,"column":8},"end":{"line":15,"column":14}},{"start":{"line":15,"column":18},"end":{"line":15,"column":30}}],"line":15}},"s":{"0":1,"1":1,"2":1,"3":1,"4":2,"5":1,"6":2,"7":2,"8":1,"9":1,"10":1,"11":1,"12":1,"13":1,"14":1,"15":3,"16":1,"17":1},"f":{"0":2,"1":2,"2":1,"3":3},"b":{"0":[1,1],"1":[2,2]},"_coverageSchema":"1a1c01bbd47fc00a2c39e90264f33305004495a9","hash":"a6b95f47f4c34928e5d30bd0b7ff524f54ce7726"}
}
